<testsuite name="Mocha Tests" tests="8" failures="0" errors="0" skip="0" timestamp="Wed, 14 Nov 2012 18:40:51 GMT" time="0.016">
<testcase classname="Helmet #constructor" name="cannot be constructed without new" time="0.001"/>
<testcase classname="Helmet #constructor" name="can be constructed with new" time="0.007"/>
<testcase classname="Helmet #constructor" name="uses the helmet defaults when no config is passed in" time="0.001"/>
<testcase classname="Helmet #constructor" name="uses the passed in config" time="0.001"/>
<testcase classname="Helmet #report" name="sends the data to all subscribers when session is null" time="0"/>
<testcase classname="Helmet #report" name="only sends a message to the appropriate subscribers" time="0"/>
<testcase classname="Helmet #report" name="only sends a message when the websocket exists" time="0"/>
<testcase classname="Helmet #getMarkup" name="includes the hostname and port in the source" time="0.003"/>
</testsuite>
